<?xml version="1.0" encoding="UTF-8"?>
<testsuite xmlns:xsi="http://www.w3.org/2001/XMLSchema-instance" xsi:noNamespaceSchemaLocation="https://maven.apache.org/surefire/maven-surefire-plugin/xsd/surefire-test-report-3.0.xsd" version="3.0" name="com.techtrend.catalog.service.CatalogServiceAdvancedTest" time="1.721" tests="18" errors="0" skipped="0" failures="0">
  <properties>
[...]
</properties>
  <testcase name="shouldCategorizeProductsByPriceRange" classname="com.techtrend.catalog.service.CatalogServiceAdvancedTest" time="0.836">
    <system-out><![CDATA[🎯 [NEGOCIO] Categorizando productos por rango de precio
    💸 Productos Económicos (<$500): 3
    💳 Productos Gama Media ($500-$2000): 7
    💎 Productos Premium (>$2000): 3
✅ [NEGOCIO] Categorización por precio completada
]]></system-out>
  </testcase>
  <testcase name="shouldHandleConcurrentStockChecksCorrectly" classname="com.techtrend.catalog.service.CatalogServiceAdvancedTest" time="0.095">
    <system-out><![CDATA[🔍 [EDGE CASE] Probando consultas simultáneas de stock
✅ [EDGE CASE] Consultas simultáneas manejadas correctamente
]]></system-out>
  </testcase>
  <testcase name="shouldApplyCorrectDiscountBasedOnStockAndQuantity(String, String, Integer, Integer, Boolean, String)[1]" classname="com.techtrend.catalog.service.CatalogServiceAdvancedTest" time="0.021">
    <system-out><![CDATA[💸 [PARAMETRIZADO] Descuento 10%: Stock alto permite descuento
    Producto: Laptop Ryzen 7 (Stock: 50)
    Cantidad solicitada: 5
    ✅ Resultado esperado: true
]]></system-out>
  </testcase>
  <testcase name="shouldApplyCorrectDiscountBasedOnStockAndQuantity(String, String, Integer, Integer, Boolean, String)[2]" classname="com.techtrend.catalog.service.CatalogServiceAdvancedTest" time="0.013">
    <system-out><![CDATA[💸 [PARAMETRIZADO] Descuento 20%: Stock muy alto permite mayor descuento
    Producto: Mouse Gaming (Stock: 100)
    Cantidad solicitada: 10
    ✅ Resultado esperado: true
]]></system-out>
  </testcase>
  <testcase name="shouldApplyCorrectDiscountBasedOnStockAndQuantity(String, String, Integer, Integer, Boolean, String)[3]" classname="com.techtrend.catalog.service.CatalogServiceAdvancedTest" time="0.006">
    <system-out><![CDATA[💸 [PARAMETRIZADO] Descuento 30%: Stock medio con cantidad moderada
    Producto: Teclado Mecánico (Stock: 25)
    Cantidad solicitada: 8
    ✅ Resultado esperado: true
]]></system-out>
  </testcase>
  <testcase name="shouldApplyCorrectDiscountBasedOnStockAndQuantity(String, String, Integer, Integer, Boolean, String)[4]" classname="com.techtrend.catalog.service.CatalogServiceAdvancedTest" time="0.051">
    <system-out><![CDATA[💸 [PARAMETRIZADO] Caso límite: Stock exacto igual a cantidad solicitada
    Producto: Monitor 4K (Stock: 15)
    Cantidad solicitada: 15
    ✅ Resultado esperado: true
]]></system-out>
  </testcase>
  <testcase name="shouldApplyCorrectDiscountBasedOnStockAndQuantity(String, String, Integer, Integer, Boolean, String)[5]" classname="com.techtrend.catalog.service.CatalogServiceAdvancedTest" time="0.023">
    <system-out><![CDATA[💸 [PARAMETRIZADO] Caso límite: Cantidad excede stock por 1 unidad
    Producto: Monitor 4K (Stock: 15)
    Cantidad solicitada: 16
    ✅ Resultado esperado: false
]]></system-out>
  </testcase>
  <testcase name="shouldApplyCorrectDiscountBasedOnStockAndQuantity(String, String, Integer, Integer, Boolean, String)[6]" classname="com.techtrend.catalog.service.CatalogServiceAdvancedTest" time="0.007">
    <system-out><![CDATA[💸 [PARAMETRIZADO] Stock bajo: Cantidad dentro del límite disponible
    Producto: Tarjeta Gráfica RTX 4060 (Stock: 8)
    Cantidad solicitada: 5
    ✅ Resultado esperado: true
]]></system-out>
  </testcase>
  <testcase name="shouldApplyCorrectDiscountBasedOnStockAndQuantity(String, String, Integer, Integer, Boolean, String)[7]" classname="com.techtrend.catalog.service.CatalogServiceAdvancedTest" time="0.012">
    <system-out><![CDATA[💸 [PARAMETRIZADO] Stock bajo: Cantidad excede disponibilidad
    Producto: Tarjeta Gráfica RTX 4060 (Stock: 8)
    Cantidad solicitada: 10
    ✅ Resultado esperado: false
]]></system-out>
  </testcase>
  <testcase name="shouldOnlyShowAvailableProductsInCatalog" classname="com.techtrend.catalog.service.CatalogServiceAdvancedTest" time="0.202">
    <system-out><![CDATA[🏪 [NEGOCIO] Verificando filtrado de productos disponibles
    ✅ Motherboard Gaming: 12 unidades
    ✅ Fuente de Poder 750W: 35 unidades
    ✅ Case Gaming RGB: 18 unidades
    ✅ Cooler CPU Líquido: 22 unidades
    ✅ Laptop Ryzen 7: 50 unidades
    ✅ Mouse Gaming: 100 unidades
    ✅ Teclado Mecánico: 25 unidades
    ✅ Monitor 4K: 15 unidades
    ✅ Webcam HD: 75 unidades
    ✅ SSD 1TB: 30 unidades
    ✅ RAM 16GB DDR4: 60 unidades
    ✅ Tarjeta Gráfica RTX 4060: 8 unidades
    ✅ Procesador Intel i7: 20 unidades
✅ [NEGOCIO] Solo productos con stock están en el catálogo
]]></system-out>
  </testcase>
  <testcase name="shouldHandleErrorScenariosCorrectly(String, Integer, Class, String)[1]" classname="com.techtrend.catalog.service.CatalogServiceAdvancedTest" time="0.031">
    <system-out><![CDATA[⚠️ [PARAMETRIZADO] Error: Cantidad negativa debe lanzar excepción
    Producto ID: 1, Cantidad: -1
    ✅ Excepción esperada lanzada: IllegalArgumentException
]]></system-out>
  </testcase>
  <testcase name="shouldHandleErrorScenariosCorrectly(String, Integer, Class, String)[2]" classname="com.techtrend.catalog.service.CatalogServiceAdvancedTest" time="0.116">
    <system-out><![CDATA[⚠️ [PARAMETRIZADO] Error: Cantidad cero debe lanzar excepción
    Producto ID: 1, Cantidad: 0
    ✅ Excepción esperada lanzada: IllegalArgumentException
]]></system-out>
  </testcase>
  <testcase name="shouldHandleErrorScenariosCorrectly(String, Integer, Class, String)[3]" classname="com.techtrend.catalog.service.CatalogServiceAdvancedTest" time="0.061">
    <system-out><![CDATA[⚠️ [PARAMETRIZADO] Error: Producto inexistente debe retornar false
    Producto ID: 999, Cantidad: 5
    ✅ Resultado falso esperado para producto inexistente
]]></system-out>
  </testcase>
  <testcase name="shouldHandleErrorScenariosCorrectly(String, Integer, Class, String)[4]" classname="com.techtrend.catalog.service.CatalogServiceAdvancedTest" time="0.057">
    <system-out><![CDATA[⚠️ [PARAMETRIZADO] Error: ID inválido debe retornar false
    Producto ID: abc, Cantidad: 1
    ✅ Resultado falso esperado para producto inexistente
]]></system-out>
  </testcase>
  <testcase name="shouldHandleErrorScenariosCorrectly(String, Integer, Class, String)[5]" classname="com.techtrend.catalog.service.CatalogServiceAdvancedTest" time="0.005">
    <system-out><![CDATA[⚠️ [PARAMETRIZADO] Error: ID vacío debe retornar false
    Producto ID: , Cantidad: 1
    ✅ Resultado falso esperado para producto inexistente
]]></system-out>
  </testcase>
  <testcase name="shouldControlStockForHighValueProducts" classname="com.techtrend.catalog.service.CatalogServiceAdvancedTest" time="0.007">
    <system-out><![CDATA[💰 [NEGOCIO] Verificando control de stock para productos de alto valor
    💎 Laptop Ryzen 7: $9999.99 (Stock: 50)
    💎 Tarjeta Gráfica RTX 4060: $3499.99 (Stock: 8)
    💎 Procesador Intel i7: $2199.99 (Stock: 20)
✅ [NEGOCIO] Productos de alto valor tienen stock controlado
]]></system-out>
  </testcase>
  <testcase name="shouldAnalyzeStockDistribution" classname="com.techtrend.catalog.service.CatalogServiceAdvancedTest" time="0.005">
    <system-out><![CDATA[📊 [MÉTRICAS] Analizando distribución de stock
    📦 Motherboard Gaming: BAJO (12 unidades)
    📦 Fuente de Poder 750W: MEDIO (35 unidades)
    📦 Case Gaming RGB: BAJO (18 unidades)
    📦 Cooler CPU Líquido: MEDIO (22 unidades)
    📦 Laptop Ryzen 7: ALTO (50 unidades)
    📦 Mouse Gaming: ALTO (100 unidades)
    📦 Teclado Mecánico: MEDIO (25 unidades)
    📦 Monitor 4K: BAJO (15 unidades)
    📦 Webcam HD: ALTO (75 unidades)
    📦 SSD 1TB: MEDIO (30 unidades)
    📦 RAM 16GB DDR4: ALTO (60 unidades)
    📦 Tarjeta Gráfica RTX 4060: BAJO (8 unidades)
    📦 Procesador Intel i7: MEDIO (20 unidades)
✅ [MÉTRICAS] Análisis de distribución completado
]]></system-out>
  </testcase>
  <testcase name="shouldHandleExactStockLimitCorrectly" classname="com.techtrend.catalog.service.CatalogServiceAdvancedTest" time="0.004">
    <system-out><![CDATA[🔍 [EDGE CASE] Probando límite exacto de stock
✅ [EDGE CASE] Stock exacto permite la transacción
]]></system-out>
  </testcase>
</testsuite>