<?xml version="1.0" encoding="UTF-8"?>
<testsuite xmlns:xsi="http://www.w3.org/2001/XMLSchema-instance" xsi:noNamespaceSchemaLocation="https://maven.apache.org/surefire/maven-surefire-plugin/xsd/surefire-test-report-3.0.xsd" version="3.0" name="com.techtrend.catalog.service.CatalogServiceIntegrationTest" time="0.869" tests="8" errors="0" skipped="0" failures="0">
  <properties>
[...]
</properties>
  <testcase name="shouldValidateRemoteOfficeSetupAvailability" classname="com.techtrend.catalog.service.CatalogServiceIntegrationTest" time="0.042">
    <system-out><![CDATA[2025-10-02 10:49:58 - Could not detect default configuration classes for test class [com.techtrend.catalog.service.CatalogServiceIntegrationTest]: CatalogServiceIntegrationTest does not declare any static, non-private, non-final, nested classes annotated with @Configuration.
2025-10-02 10:49:58 - Found @SpringBootConfiguration com.techtrend.catalog.CatalogMicroserviceApplication for test class com.techtrend.catalog.service.CatalogServiceIntegrationTest
🚀 Configurando entorno de integración para ms-catalog
💼 [CASO DE USO] Validando setup para oficina remota...
    🏠 Setup Oficina Remota:
        💻 Laptop Ryzen 7 - $9999.99
        💻 Monitor 4K - $1299.99
        💻 Webcam HD - $149.99
        💻 Teclado Mecánico - $599.99
        💻 Mouse Gaming - $299.99
✅ [CASO DE USO] Setup oficina remota validado
]]></system-out>
  </testcase>
  <testcase name="shouldValidateCriticalInventoryLevels" classname="com.techtrend.catalog.service.CatalogServiceIntegrationTest" time="0.068">
    <system-out><![CDATA[🚀 Configurando entorno de integración para ms-catalog
📊 [VALIDACIÓN] Verificando niveles críticos de inventario...
        ⚠️ BAJO Motherboard Gaming: 12 unidades
        ⚠️ BAJO Case Gaming RGB: 18 unidades
        ⚠️ BAJO Monitor 4K: 15 unidades
        🚨 CRÍTICO Tarjeta Gráfica RTX 4060: 8 unidades
✅ [VALIDACIÓN] Control de inventario completado
]]></system-out>
  </testcase>
  <testcase name="shouldValidateGamingSetupAvailability" classname="com.techtrend.catalog.service.CatalogServiceIntegrationTest" time="0.111">
    <system-out><![CDATA[🚀 Configurando entorno de integración para ms-catalog
🎮 [CASO DE USO] Validando disponibilidad de setup gaming...
    🎯 Setup Gaming TechTrend:
        ✅ Laptop Ryzen 7 - $9999.99 (Stock: 50)
        ✅ Mouse Gaming - $299.99 (Stock: 100)
        ✅ Teclado Mecánico - $599.99 (Stock: 25)
        ✅ Monitor 4K - $1299.99 (Stock: 15)
✅ [CASO DE USO] Setup gaming completo disponible
]]></system-out>
  </testcase>
  <testcase name="shouldCompleteFullShoppingFlow" classname="com.techtrend.catalog.service.CatalogServiceIntegrationTest" time="0.027">
    <system-out><![CDATA[🚀 Configurando entorno de integración para ms-catalog
🛒 [E2E] Iniciando flujo completo de compra...
    1️⃣ Consultando catálogo de productos disponibles...
    ✅ Producto seleccionado: Motherboard Gaming ($1599.99)
    2️⃣ Verificando disponibilidad de stock...
    3️⃣ Obteniendo detalles finales del producto...
    ✅ Compra confirmada: Laptop Ryzen 7 - $9999.99
✅ [E2E] Flujo completo de compra exitoso
]]></system-out>
  </testcase>
  <testcase name="shouldHandleMassiveAvailabilityQueries" classname="com.techtrend.catalog.service.CatalogServiceIntegrationTest" time="0.149">
    <system-out><![CDATA[🚀 Configurando entorno de integración para ms-catalog
⚡ [E2E] Ejecutando stress test de consultas masivas...
✅ [E2E] Stress test completado: 50 consultas procesadas exitosamente
]]></system-out>
  </testcase>
  <testcase name="shouldSimulateShoppingCartWithMultipleProducts" classname="com.techtrend.catalog.service.CatalogServiceIntegrationTest" time="0.136">
    <system-out><![CDATA[🚀 Configurando entorno de integración para ms-catalog
🛍️ [E2E] Simulando carrito de compras con múltiples productos...
    🛒 Carrito de compras:
        • Laptop Ryzen 7 x2 - ✅ DISPONIBLE
        • Mouse Gaming x5 - ✅ DISPONIBLE
        • Teclado Mecánico x1 - ✅ DISPONIBLE
✅ [E2E] Carrito validado: Todos los productos disponibles
]]></system-out>
  </testcase>
  <testcase name="shouldAnalyzeProfitabilityByCategory" classname="com.techtrend.catalog.service.CatalogServiceIntegrationTest" time="0.042">
    <system-out><![CDATA[🚀 Configurando entorno de integración para ms-catalog
💰 [VALIDACIÓN] Analizando rentabilidad por categoría...
    📈 Análisis de Categorías:
        💸 Productos Económicos: 3 items
        💎 Productos Premium: 3 items
✅ [VALIDACIÓN] Análisis de rentabilidad completado
]]></system-out>
  </testcase>
  <testcase name="shouldValidatePCUpgradeComponentsAvailability" classname="com.techtrend.catalog.service.CatalogServiceIntegrationTest" time="0.12">
    <system-out><![CDATA[🚀 Configurando entorno de integración para ms-catalog
🔧 [CASO DE USO] Validando componentes para upgrade de PC...
    ⚡ Componentes de Upgrade:
        🔩 RAM 16GB DDR4 - $449.99 (ESTÁNDAR)
        🔩 SSD 1TB - $899.99 (ESTÁNDAR)
        🔩 Tarjeta Gráfica RTX 4060 - $3499.99 (PREMIUM)
        🔩 Procesador Intel i7 - $2199.99 (PREMIUM)
✅ [CASO DE USO] Componentes de upgrade disponibles
]]></system-out>
  </testcase>
</testsuite>