<?xml version="1.0" encoding="UTF-8"?>
<testsuite xmlns:xsi="http://www.w3.org/2001/XMLSchema-instance" xsi:noNamespaceSchemaLocation="https://maven.apache.org/surefire/maven-surefire-plugin/xsd/surefire-test-report-3.0.xsd" version="3.0" name="com.techtrend.catalog.service.CatalogServiceUnitTest" time="0.379" tests="23" errors="0" skipped="0" failures="0">
  <properties>
[...]
</properties>
  <testcase name="shouldNotReturnProductsWithZeroStock" classname="com.techtrend.catalog.service.CatalogServiceUnitTest" time="0.005">
    <system-out><![CDATA[✅ CatalogService inicializado con 15 productos mock para testing
📊 [CASO LÍMITE] Verificando que productos agotados no aparezcan
✅ [CASO LÍMITE] Solo productos con stock están disponibles
]]></system-out>
  </testcase>
  <testcase name="shouldReturnEmptyForNonExistentProductDetails" classname="com.techtrend.catalog.service.CatalogServiceUnitTest" time="0.002">
    <system-out><![CDATA[✅ CatalogService inicializado con 15 productos mock para testing
🔍 [ERROR AVANZADO] Probando getProductDetails para producto inexistente
✅ [ERROR AVANZADO] Detalles de producto inexistente retornan vacío
]]></system-out>
  </testcase>
  <testcase name="shouldAllowPurchaseWhenStockEqualsThreshold" classname="com.techtrend.catalog.service.CatalogServiceUnitTest" time="0.002">
    <system-out><![CDATA[✅ CatalogService inicializado con 15 productos mock para testing
📊 [CASO LÍMITE] Probando stock igual al umbral solicitado
✅ [CASO LÍMITE] Stock igual al umbral permite la compra
]]></system-out>
  </testcase>
  <testcase name="shouldThrowExceptionForZeroQuantity" classname="com.techtrend.catalog.service.CatalogServiceUnitTest" time="0.002">
    <system-out><![CDATA[✅ CatalogService inicializado con 15 productos mock para testing
⚠️ [CASO DE ERROR] Probando cantidad cero
✅ [CASO DE ERROR] Excepción lanzada para cantidad cero
]]></system-out>
  </testcase>
  <testcase name="shouldReturnFalseForNonExistentProducts(String)[1]" classname="com.techtrend.catalog.service.CatalogServiceUnitTest" time="0.005">
    <system-out><![CDATA[✅ CatalogService inicializado con 15 productos mock para testing
❌ [CASO DE ERROR] Probando producto inexistente: 999
✅ [CASO DE ERROR] Producto inexistente retorna false correctamente
]]></system-out>
  </testcase>
  <testcase name="shouldReturnFalseForNonExistentProducts(String)[2]" classname="com.techtrend.catalog.service.CatalogServiceUnitTest" time="0.002">
    <system-out><![CDATA[✅ CatalogService inicializado con 15 productos mock para testing
❌ [CASO DE ERROR] Probando producto inexistente: abc
✅ [CASO DE ERROR] Producto inexistente retorna false correctamente
]]></system-out>
  </testcase>
  <testcase name="shouldReturnFalseForNonExistentProducts(String)[3]" classname="com.techtrend.catalog.service.CatalogServiceUnitTest" time="0.081">
    <system-out><![CDATA[✅ CatalogService inicializado con 15 productos mock para testing
❌ [CASO DE ERROR] Probando producto inexistente: 
✅ [CASO DE ERROR] Producto inexistente retorna false correctamente
]]></system-out>
  </testcase>
  <testcase name="shouldReturnFalseForNonExistentProducts(String)[4]" classname="com.techtrend.catalog.service.CatalogServiceUnitTest" time="0.002">
    <system-out><![CDATA[✅ CatalogService inicializado con 15 productos mock para testing
❌ [CASO DE ERROR] Probando producto inexistente: null
✅ [CASO DE ERROR] Producto inexistente retorna false correctamente
]]></system-out>
  </testcase>
  <testcase name="shouldApplyDiscountBasedOnStockLevels(String, Integer, Boolean)[1]" classname="com.techtrend.catalog.service.CatalogServiceUnitTest" time="0.005">
    <system-out><![CDATA[✅ CatalogService inicializado con 15 productos mock para testing
💰 [FLUJO PRINCIPAL] Probando descuento para producto 1 con cantidad 10
✅ [FLUJO PRINCIPAL] Descuento aplicable: true
]]></system-out>
  </testcase>
  <testcase name="shouldApplyDiscountBasedOnStockLevels(String, Integer, Boolean)[2]" classname="com.techtrend.catalog.service.CatalogServiceUnitTest" time="0.004">
    <system-out><![CDATA[✅ CatalogService inicializado con 15 productos mock para testing
💰 [FLUJO PRINCIPAL] Probando descuento para producto 2 con cantidad 20
✅ [FLUJO PRINCIPAL] Descuento aplicable: true
]]></system-out>
  </testcase>
  <testcase name="shouldApplyDiscountBasedOnStockLevels(String, Integer, Boolean)[3]" classname="com.techtrend.catalog.service.CatalogServiceUnitTest" time="0.004">
    <system-out><![CDATA[✅ CatalogService inicializado con 15 productos mock para testing
💰 [FLUJO PRINCIPAL] Probando descuento para producto 3 con cantidad 8
✅ [FLUJO PRINCIPAL] Descuento aplicable: true
]]></system-out>
  </testcase>
  <testcase name="shouldApplyDiscountBasedOnStockLevels(String, Integer, Boolean)[4]" classname="com.techtrend.catalog.service.CatalogServiceUnitTest" time="0.002">
    <system-out><![CDATA[✅ CatalogService inicializado con 15 productos mock para testing
💰 [FLUJO PRINCIPAL] Probando descuento para producto 4 con cantidad 5
✅ [FLUJO PRINCIPAL] Descuento aplicable: true
]]></system-out>
  </testcase>
  <testcase name="shouldReturnEmptyMonoForNonExistentProductDetails" classname="com.techtrend.catalog.service.CatalogServiceUnitTest" time="0.002">
    <system-out><![CDATA[✅ CatalogService inicializado con 15 productos mock para testing
🔍 [ERROR AVANZADO] Probando detalles de producto inexistente
✅ [ERROR AVANZADO] Producto inexistente retorna Mono vacío
]]></system-out>
  </testcase>
  <testcase name="shouldThrowExceptionForNegativeQuantities(Integer)[1]" classname="com.techtrend.catalog.service.CatalogServiceUnitTest" time="0.003">
    <system-out><![CDATA[✅ CatalogService inicializado con 15 productos mock para testing
⚠️ [CASO DE ERROR] Probando cantidad negativa: -1
✅ [CASO DE ERROR] Excepción lanzada correctamente para cantidad: -1
]]></system-out>
  </testcase>
  <testcase name="shouldThrowExceptionForNegativeQuantities(Integer)[2]" classname="com.techtrend.catalog.service.CatalogServiceUnitTest" time="0.007">
    <system-out><![CDATA[✅ CatalogService inicializado con 15 productos mock para testing
⚠️ [CASO DE ERROR] Probando cantidad negativa: -10
✅ [CASO DE ERROR] Excepción lanzada correctamente para cantidad: -10
]]></system-out>
  </testcase>
  <testcase name="shouldThrowExceptionForNegativeQuantities(Integer)[3]" classname="com.techtrend.catalog.service.CatalogServiceUnitTest" time="0.003">
    <system-out><![CDATA[✅ CatalogService inicializado con 15 productos mock para testing
⚠️ [CASO DE ERROR] Probando cantidad negativa: -100
✅ [CASO DE ERROR] Excepción lanzada correctamente para cantidad: -100
]]></system-out>
  </testcase>
  <testcase name="shouldHandleMultipleProductSearchesEfficiently" classname="com.techtrend.catalog.service.CatalogServiceUnitTest" time="0.004">
    <system-out><![CDATA[✅ CatalogService inicializado con 15 productos mock para testing
⚡ [RENDIMIENTO] Probando búsqueda de múltiples productos
✅ [RENDIMIENTO] Búsqueda múltiple completada eficientemente
]]></system-out>
  </testcase>
  <testcase name="shouldShowTabletAsOutOfStock" classname="com.techtrend.catalog.service.CatalogServiceUnitTest" time="0.003">
    <system-out><![CDATA[✅ CatalogService inicializado con 15 productos mock para testing
📱 [ESPECÍFICO] Verificando que Tablet Android 10" esté agotada
✅ Confirmado: Tablet Android 10" está agotada
]]></system-out>
  </testcase>
  <testcase name="shouldReturnAvailableProductsForMainFlow" classname="com.techtrend.catalog.service.CatalogServiceUnitTest" time="0.005">
    <system-out><![CDATA[✅ CatalogService inicializado con 15 productos mock para testing
🔍 [FLUJO PRINCIPAL] Probando listado de productos con stock suficiente...
✅ Producto: Motherboard Gaming - Stock: 12 - Precio: $1599.99
✅ Producto: Fuente de Poder 750W - Stock: 35 - Precio: $799.99
✅ Producto: Case Gaming RGB - Stock: 18 - Precio: $699.99
✅ Producto: Cooler CPU Líquido - Stock: 22 - Precio: $999.99
✅ Producto: Laptop Ryzen 7 - Stock: 50 - Precio: $9999.99
✅ Producto: Mouse Gaming - Stock: 100 - Precio: $299.99
✅ Producto: Teclado Mecánico - Stock: 25 - Precio: $599.99
✅ Producto: Monitor 4K - Stock: 15 - Precio: $1299.99
✅ Producto: Webcam HD - Stock: 75 - Precio: $149.99
✅ Producto: SSD 1TB - Stock: 30 - Precio: $899.99
✅ Producto: RAM 16GB DDR4 - Stock: 60 - Precio: $449.99
✅ Producto: Tarjeta Gráfica RTX 4060 - Stock: 8 - Precio: $3499.99
✅ Producto: Procesador Intel i7 - Stock: 20 - Precio: $2199.99
✅ [FLUJO PRINCIPAL] Test exitoso: Productos con stock para descuentos
]]></system-out>
  </testcase>
  <testcase name="shouldShowBluetoothHeadphonesAsOutOfStock" classname="com.techtrend.catalog.service.CatalogServiceUnitTest" time="0.005">
    <system-out><![CDATA[✅ CatalogService inicializado con 15 productos mock para testing
🎧 [ESPECÍFICO] Verificando que Auriculares Bluetooth estén agotados
✅ Confirmado: Auriculares Bluetooth está agotado
]]></system-out>
  </testcase>
  <testcase name="shouldAllowDiscountWhenStockJustAboveThreshold" classname="com.techtrend.catalog.service.CatalogServiceUnitTest" time="0.038">
    <system-out><![CDATA[✅ CatalogService inicializado con 15 productos mock para testing
📊 [CASO LÍMITE] Probando stock justo por encima del umbral
✅ [CASO LÍMITE] Stock suficiente para descuento aplicado
]]></system-out>
  </testcase>
  <testcase name="shouldReturnCorrectLaptopDetails" classname="com.techtrend.catalog.service.CatalogServiceUnitTest" time="0.006">
    <system-out><![CDATA[✅ CatalogService inicializado con 15 productos mock para testing
💻 [ESPECÍFICO] Verificando detalles de Laptop Ryzen 7
✅ Laptop verificada: Laptop Ryzen 7 - $9999.99 (50 unidades)
]]></system-out>
  </testcase>
  <testcase name="shouldVerifyStockForAllAvailableProducts" classname="com.techtrend.catalog.service.CatalogServiceUnitTest" time="0.065">
    <system-out><![CDATA[✅ CatalogService inicializado con 15 productos mock para testing
📊 [COBERTURA] Verificando stock de todos los productos disponibles
✅ [COBERTURA] Todos los productos disponibles tienen stock suficiente
]]></system-out>
  </testcase>
</testsuite>